17:17:44| 1| INFO| - Test log
17:17:47| 1| INFO| - Register - Step 01: Navigate to Register page
17:17:49| 1| INFO| - Register - Step 01: Select gender
17:17:49| 1| INFO| - Register - Step 02 : Enter to Firtname textbox with value isAutomation
17:17:50| 1| INFO| - Register - Step 02 : Enter to lastName textbox with value isAutomation
17:17:50| 1| INFO| - Register - Step 02 : Enter to Email textbox with value isAutomation
17:17:51| 1| INFO| - Register - Step 01: Select checkbox
17:17:51| 1| INFO| - Register - Step 02 : Enter to Password textbox with value isAutomation
17:17:51| 1| INFO| - Register - Step 02 : Enter to Confirm Password textbox with value isAutomation
17:17:51| 1| INFO| - Register - Step 03 : Click to Register button
17:17:52| 1| INFO| - Register - Step 04 : Verify register success message is displayed
17:17:52| 1| INFO| -  -------------------------- PASSED -------------------------- 
17:17:52| 1| INFO| - Register - Step 05 : Click to logout link
17:17:53| 1| INFO| - Login - Step 01 : Navigate to Login page
17:17:54| 1| INFO| - Login - Step 02 : Enter to Email Text box with value is automation407@mail.vn
17:17:54| 1| INFO| - Login - Step 02 : Enter to Password Text box with value is 132456
17:17:55| 1| INFO| - Login - Step 03 : click to login button 
17:17:56| 1| INFO| - Login - Step 04 : verify My account link is displayed
17:17:56| 1| INFO| -  -------------------------- PASSED -------------------------- 
17:46:58| 1| INFO| - Test log
17:47:03| 1| INFO| - Register - Step 01: Navigate to Register page
17:47:04| 1| INFO| - Register - Step 01: Select gender
17:47:04| 1| INFO| - Register - Step 02 : Enter to Firtname textbox with value isAutomation
17:47:04| 1| INFO| - Register - Step 02 : Enter to lastName textbox with value isAutomation
17:47:05| 1| INFO| - Register - Step 02 : Enter to Email textbox with value isAutomation
17:47:05| 1| INFO| - Register - Step 01: Select checkbox
17:47:05| 1| INFO| - Register - Step 02 : Enter to Password textbox with value isAutomation
17:47:05| 1| INFO| - Register - Step 02 : Enter to Confirm Password textbox with value isAutomation
17:47:05| 1| INFO| - Register - Step 03 : Click to Register button
17:47:06| 1| INFO| - Register - Step 04 : Verify register success message is displayed
17:47:06| 1| INFO| -  -------------------------- PASSED -------------------------- 
17:47:06| 1| INFO| - Register - Step 05 : Click to logout link
17:47:07| 1| INFO| - Login - Step 01 : Navigate to Login page
17:47:08| 1| INFO| - Login - Step 02 : Enter to Email Text box with value is automation3629@mail.vn
17:47:08| 1| INFO| - Login - Step 02 : Enter to Password Text box with value is 132456
17:47:09| 1| INFO| - Login - Step 03 : click to login button 
17:47:09| 1| INFO| - Login - Step 04 : verify My account link is displayed
17:47:09| 1| INFO| -  -------------------------- PASSED -------------------------- 
11:22:15| 1| INFO| - Test log
11:22:20| 1| INFO| - Register - Step 01: Navigate to Register page
11:22:21| 1| INFO| - Register - Step 01: Select gender
11:22:21| 1| INFO| - Register - Step 02 : Enter to Firtname textbox with value isAutomation
11:22:21| 1| INFO| - Register - Step 02 : Enter to lastName textbox with value isAutomation
11:22:22| 1| INFO| - Register - Step 02 : Enter to Email textbox with value isAutomation
11:22:22| 1| INFO| - Register - Step 01: Select checkbox
11:22:22| 1| INFO| - Register - Step 02 : Enter to Password textbox with value isAutomation
11:22:22| 1| INFO| - Register - Step 02 : Enter to Confirm Password textbox with value isAutomation
11:22:22| 1| INFO| - Register - Step 03 : Click to Register button
11:22:23| 1| INFO| - Register - Step 04 : Verify register success message is displayed
11:22:23| 1| INFO| -  -------------------------- PASSED -------------------------- 
11:22:23| 1| INFO| - Register - Step 05 : Click to logout link
11:22:24| 1| INFO| - Login - Step 01 : Navigate to Login page
11:22:24| 1| INFO| - Login - Step 02 : Enter to Email Text box with value is automation3557@mail.vn
11:22:24| 1| INFO| - Login - Step 02 : Enter to Password Text box with value is 132456
11:22:25| 1| INFO| - Login - Step 03 : click to login button 
11:22:25| 1| INFO| - Login - Step 04 : verify My account link is displayed
11:22:25| 1| INFO| -  -------------------------- PASSED -------------------------- 
11:34:14| 1| INFO| - Test log
16:06:01| 1| INFO| - Test log
16:08:19| 1| INFO| - Test log
16:09:41| 1| INFO| - Test log
16:11:35| 1| INFO| - Test log
16:12:01| 1| INFO| - Test log
16:14:39| 1| INFO| - Test log
16:14:48| 1| INFO| - Register - Step 01: Navigate to Register page
16:14:51| 1| INFO| - Register - Step 01: Select gender
16:14:54| 1| INFO| - Register - Step 02 : Enter to Firtname textbox with value isAutomation
16:14:56| 1| INFO| - Register - Step 02 : Enter to lastName textbox with value isAutomation
16:15:09| 1| INFO| - Register - Step 02 : Enter to Email textbox with value isAutomation
16:15:12| 1| INFO| - Register - Step 01: Select checkbox
16:15:14| 1| INFO| - Register - Step 02 : Enter to Password textbox with value isAutomation
16:15:16| 1| INFO| - Register - Step 02 : Enter to Confirm Password textbox with value isAutomation
16:15:18| 1| INFO| - Register - Step 03 : Click to Register button
16:15:21| 1| INFO| - Register - Step 04 : Verify register success message is displayed
16:15:22| 1| INFO| -  -------------------------- PASSED -------------------------- 
16:15:22| 1| INFO| - Register - Step 05 : Click to logout link
16:15:25| 1| INFO| - Login - Step 01 : Navigate to Login page
16:15:27| 1| INFO| - Login - Step 02 : Enter to Email Text box with value is automation1653@mail.vn
16:15:30| 1| INFO| - Login - Step 02 : Enter to Password Text box with value is 132456
16:15:32| 1| INFO| - Login - Step 03 : click to login button 
16:15:35| 1| INFO| - Login - Step 04 : verify My account link is displayed
16:15:37| 1| INFO| -  -------------------------- PASSED -------------------------- 
14:56:01| 1| INFO| - Test log
14:56:12| 1| INFO| - Register - Step 01: Navigate to Register page
14:56:15| 1| INFO| - Register - Step 01: Select gender
14:56:18| 1| INFO| - Register - Step 02 : Enter to Firtname textbox with value isAutomation
14:56:21| 1| INFO| - Register - Step 02 : Enter to lastName textbox with value isAutomation
14:56:33| 1| INFO| - Register - Step 02 : Enter to Email textbox with value isAutomation
14:56:36| 1| INFO| - Register - Step 01: Select checkbox
14:56:38| 1| INFO| - Register - Step 02 : Enter to Password textbox with value isAutomation
14:56:40| 1| INFO| - Register - Step 02 : Enter to Confirm Password textbox with value isAutomation
14:56:42| 1| INFO| - Register - Step 03 : Click to Register button
14:56:45| 1| INFO| - Register - Step 04 : Verify register success message is displayed
14:56:46| 1| INFO| -  -------------------------- PASSED -------------------------- 
14:56:46| 1| INFO| - Register - Step 05 : Click to logout link
14:56:49| 1| INFO| - Login - Step 01 : Navigate to Login page
14:56:51| 1| INFO| - Login - Step 02 : Enter to Email Text box with value is automation125@mail.vn
14:56:53| 1| INFO| - Login - Step 02 : Enter to Password Text box with value is 132456
14:56:56| 1| INFO| - Login - Step 03 : click to login button 
14:56:58| 1| INFO| - Login - Step 04 : verify My account link is displayed
14:57:00| 1| INFO| -  -------------------------- PASSED -------------------------- 
14:58:36| 1| INFO| - Test log
14:58:41| 1| INFO| - Register - Step 01: Navigate to Register page
14:58:42| 1| INFO| - Register - Step 01: Select gender
14:58:42| 1| INFO| - Register - Step 02 : Enter to Firtname textbox with value isAutomation
14:58:42| 1| INFO| - Register - Step 02 : Enter to lastName textbox with value isAutomation
14:58:43| 1| INFO| - Register - Step 02 : Enter to Email textbox with value isAutomation
14:58:43| 1| INFO| - Register - Step 01: Select checkbox
14:58:43| 1| INFO| - Register - Step 02 : Enter to Password textbox with value isAutomation
14:58:43| 1| INFO| - Register - Step 02 : Enter to Confirm Password textbox with value isAutomation
14:58:43| 1| INFO| - Register - Step 03 : Click to Register button
14:58:44| 1| INFO| - Register - Step 04 : Verify register success message is displayed
14:58:44| 1| INFO| -  -------------------------- PASSED -------------------------- 
14:58:44| 1| INFO| - Register - Step 05 : Click to logout link
14:58:45| 1| INFO| - Login - Step 01 : Navigate to Login page
14:58:46| 1| INFO| - Login - Step 02 : Enter to Email Text box with value is automation7013@mail.vn
14:58:46| 1| INFO| - Login - Step 02 : Enter to Password Text box with value is 132456
14:58:46| 1| INFO| - Login - Step 03 : click to login button 
14:58:47| 1| INFO| - Login - Step 04 : verify My account link is displayed
14:58:47| 1| INFO| -  -------------------------- PASSED -------------------------- 
13:54:07| 1| INFO| - Test log
13:54:14| 1| INFO| - Register - Step 01: Navigate to Register page
13:54:15| 1| INFO| - Register - Step 01: Select gender
13:54:15| 1| INFO| - Register - Step 02 : Enter to Firtname textbox with value isAutomation
13:54:15| 1| INFO| - Register - Step 02 : Enter to lastName textbox with value isAutomation
13:54:16| 1| INFO| - Register - Step 02 : Enter to Email textbox with value isAutomation
13:54:16| 1| INFO| - Register - Step 01: Select checkbox
13:54:16| 1| INFO| - Register - Step 02 : Enter to Password textbox with value isAutomation
13:54:17| 1| INFO| - Register - Step 02 : Enter to Confirm Password textbox with value isAutomation
13:54:17| 1| INFO| - Register - Step 03 : Click to Register button
13:54:17| 1| INFO| - Register - Step 04 : Verify register success message is displayed
13:54:17| 1| INFO| -  -------------------------- PASSED -------------------------- 
13:54:17| 1| INFO| - Register - Step 05 : Click to logout link
13:54:18| 1| INFO| - Login - Step 01 : Navigate to Login page
13:54:19| 1| INFO| - Login - Step 02 : Enter to Email Text box with value is automation3094@mail.vn
13:54:19| 1| INFO| - Login - Step 02 : Enter to Password Text box with value is 132456
13:54:19| 1| INFO| - Login - Step 03 : click to login button 
13:54:20| 1| INFO| - Login - Step 04 : verify My account link is displayed
13:54:20| 1| INFO| -  -------------------------- PASSED -------------------------- 
14:50:36|19| INFO| - before class successfully
14:50:37|18| INFO| - before class successfully
14:50:44|19| INFO| - after class successfully
14:50:44|18| INFO| - after class successfully
14:53:51|18| INFO| - before class successfully
14:54:04|18| INFO| - before class successfully
14:54:11|18| INFO| - after class successfully
14:59:26|18| INFO| - before class successfully
14:59:34|18| INFO| - after class successfully
15:00:01|18| INFO| - before class successfully
15:00:01|19| INFO| - before class successfully
15:00:08|18| INFO| - after class successfully
15:00:08|19| INFO| - after class successfully
15:00:58|18| INFO| - before class successfully
15:01:05|18| INFO| - after class successfully
15:01:07|27| INFO| - before class successfully
15:01:14|27| INFO| - after class successfully
15:40:47|18| INFO| - before class successfully
15:40:54|18| INFO| - after class successfully
15:40:56|27| INFO| - before class successfully
15:46:31|18| INFO| - before class successfully
15:46:39|18| INFO| - after class successfully
15:46:41|27| INFO| - before class successfully
15:46:49|27| INFO| - after class successfully
17:34:21|18| INFO| - before class successfully
17:34:29|18| INFO| - after class successfully
17:34:32|27| INFO| - before class successfully
17:34:46|19| INFO| - before class successfully
17:34:46|18| INFO| - before class successfully
17:34:54|19| INFO| - after class successfully
17:34:54|18| INFO| - after class successfully
17:49:17|19| INFO| - before class successfully
17:49:17|18| INFO| - before class successfully
17:49:24|19| INFO| - OS name = windows 10
17:49:24|19| INFO| - Driver instance name = chromedriver: chrome on windows (9306247138239cb20d8521660d7c6d05)
17:49:24|18| INFO| - OS name = windows 10
17:49:24|18| INFO| - Driver instance name = chromedriver: chrome on windows (db527049cec1254e84b41655c7c9cc01)
17:49:25|19| INFO| - after class successfully
17:49:25|18| INFO| - after class successfully
